(0.003) 
            SELECT
                c.relname,
                CASE
                    WHEN c.relispartition THEN 'p'
                    WHEN c.relkind IN ('m', 'v') THEN 'v'
                    ELSE 't'
                END,
                obj_description(c.oid, 'pg_class')
            FROM pg_catalog.pg_class c
            LEFT JOIN pg_catalog.pg_namespace n ON n.oid = c.relnamespace
            WHERE c.relkind IN ('f', 'm', 'p', 'r', 'v')
                AND n.nspname NOT IN ('pg_catalog', 'pg_toast')
                AND pg_catalog.pg_table_is_visible(c.oid)
        ; args=None; alias=default
(0.001) 
            SELECT
                c.relname,
                CASE
                    WHEN c.relispartition THEN 'p'
                    WHEN c.relkind IN ('m', 'v') THEN 'v'
                    ELSE 't'
                END,
                obj_description(c.oid, 'pg_class')
            FROM pg_catalog.pg_class c
            LEFT JOIN pg_catalog.pg_namespace n ON n.oid = c.relnamespace
            WHERE c.relkind IN ('f', 'm', 'p', 'r', 'v')
                AND n.nspname NOT IN ('pg_catalog', 'pg_toast')
                AND pg_catalog.pg_table_is_visible(c.oid)
        ; args=None; alias=default
(0.001) 
            SELECT
                c.relname,
                CASE
                    WHEN c.relispartition THEN 'p'
                    WHEN c.relkind IN ('m', 'v') THEN 'v'
                    ELSE 't'
                END,
                obj_description(c.oid, 'pg_class')
            FROM pg_catalog.pg_class c
            LEFT JOIN pg_catalog.pg_namespace n ON n.oid = c.relnamespace
            WHERE c.relkind IN ('f', 'm', 'p', 'r', 'v')
                AND n.nspname NOT IN ('pg_catalog', 'pg_toast')
                AND pg_catalog.pg_table_is_visible(c.oid)
        ; args=None; alias=default
(0.001) 
            SELECT
                c.relname,
                CASE
                    WHEN c.relispartition THEN 'p'
                    WHEN c.relkind IN ('m', 'v') THEN 'v'
                    ELSE 't'
                END,
                obj_description(c.oid, 'pg_class')
            FROM pg_catalog.pg_class c
            LEFT JOIN pg_catalog.pg_namespace n ON n.oid = c.relnamespace
            WHERE c.relkind IN ('f', 'm', 'p', 'r', 'v')
                AND n.nspname NOT IN ('pg_catalog', 'pg_toast')
                AND pg_catalog.pg_table_is_visible(c.oid)
        ; args=None; alias=default
(0.001) 
            SELECT
                c.relname,
                CASE
                    WHEN c.relispartition THEN 'p'
                    WHEN c.relkind IN ('m', 'v') THEN 'v'
                    ELSE 't'
                END,
                obj_description(c.oid, 'pg_class')
            FROM pg_catalog.pg_class c
            LEFT JOIN pg_catalog.pg_namespace n ON n.oid = c.relnamespace
            WHERE c.relkind IN ('f', 'm', 'p', 'r', 'v')
                AND n.nspname NOT IN ('pg_catalog', 'pg_toast')
                AND pg_catalog.pg_table_is_visible(c.oid)
        ; args=None; alias=default
(0.000) BEGIN; args=None; alias=default
CREATE TABLE "django_migrations" ("id" bigint NOT NULL PRIMARY KEY GENERATED BY DEFAULT AS IDENTITY, "app" varchar(255) NOT NULL, "name" varchar(255) NOT NULL, "applied" timestamp with time zone NOT NULL); (params None)
(0.008) CREATE TABLE "django_migrations" ("id" bigint NOT NULL PRIMARY KEY GENERATED BY DEFAULT AS IDENTITY, "app" varchar(255) NOT NULL, "name" varchar(255) NOT NULL, "applied" timestamp with time zone NOT NULL); args=None; alias=default
(0.002) COMMIT; args=None; alias=default
(0.000) BEGIN; args=None; alias=default
CREATE TABLE "django_content_type" ("id" integer NOT NULL PRIMARY KEY GENERATED BY DEFAULT AS IDENTITY, "name" varchar(100) NOT NULL, "app_label" varchar(100) NOT NULL, "model" varchar(100) NOT NULL); (params None)
(0.005) CREATE TABLE "django_content_type" ("id" integer NOT NULL PRIMARY KEY GENERATED BY DEFAULT AS IDENTITY, "name" varchar(100) NOT NULL, "app_label" varchar(100) NOT NULL, "model" varchar(100) NOT NULL); args=None; alias=default
ALTER TABLE "django_content_type" ADD CONSTRAINT "django_content_type_app_label_model_76bd3d3b_uniq" UNIQUE ("app_label", "model"); (params None)
(0.002) ALTER TABLE "django_content_type" ADD CONSTRAINT "django_content_type_app_label_model_76bd3d3b_uniq" UNIQUE ("app_label", "model"); args=None; alias=default
(0.001) 
            SELECT
                c.relname,
                CASE
                    WHEN c.relispartition THEN 'p'
                    WHEN c.relkind IN ('m', 'v') THEN 'v'
                    ELSE 't'
                END,
                obj_description(c.oid, 'pg_class')
            FROM pg_catalog.pg_class c
            LEFT JOIN pg_catalog.pg_namespace n ON n.oid = c.relnamespace
            WHERE c.relkind IN ('f', 'm', 'p', 'r', 'v')
                AND n.nspname NOT IN ('pg_catalog', 'pg_toast')
                AND pg_catalog.pg_table_is_visible(c.oid)
        ; args=None; alias=default
(0.001) INSERT INTO "django_migrations" ("app", "name", "applied") VALUES ('contenttypes', '0001_initial', '2024-12-19T05:13:58.859264+00:00'::timestamptz) RETURNING "django_migrations"."id"; args=('contenttypes', '0001_initial', datetime.datetime(2024, 12, 19, 5, 13, 58, 859264, tzinfo=datetime.timezone.utc)); alias=default
(0.002) COMMIT; args=None; alias=default
(0.000) BEGIN; args=None; alias=default
ALTER TABLE "django_content_type" ALTER COLUMN "name" DROP NOT NULL; (params None)
(0.002) ALTER TABLE "django_content_type" ALTER COLUMN "name" DROP NOT NULL; args=None; alias=default
ALTER TABLE "django_content_type" DROP COLUMN "name" CASCADE; (params None)
(0.001) ALTER TABLE "django_content_type" DROP COLUMN "name" CASCADE; args=None; alias=default
(0.001) INSERT INTO "django_migrations" ("app", "name", "applied") VALUES ('contenttypes', '0002_remove_content_type_name', '2024-12-19T05:13:58.875887+00:00'::timestamptz) RETURNING "django_migrations"."id"; args=('contenttypes', '0002_remove_content_type_name', datetime.datetime(2024, 12, 19, 5, 13, 58, 875887, tzinfo=datetime.timezone.utc)); alias=default
(0.001) COMMIT; args=None; alias=default
(0.000) BEGIN; args=None; alias=default
CREATE TABLE "auth_permission" ("id" integer NOT NULL PRIMARY KEY GENERATED BY DEFAULT AS IDENTITY, "name" varchar(50) NOT NULL, "content_type_id" integer NOT NULL, "codename" varchar(100) NOT NULL); (params None)
(0.006) CREATE TABLE "auth_permission" ("id" integer NOT NULL PRIMARY KEY GENERATED BY DEFAULT AS IDENTITY, "name" varchar(50) NOT NULL, "content_type_id" integer NOT NULL, "codename" varchar(100) NOT NULL); args=None; alias=default
CREATE TABLE "auth_group" ("id" integer NOT NULL PRIMARY KEY GENERATED BY DEFAULT AS IDENTITY, "name" varchar(80) NOT NULL UNIQUE); (params None)
(0.008) CREATE TABLE "auth_group" ("id" integer NOT NULL PRIMARY KEY GENERATED BY DEFAULT AS IDENTITY, "name" varchar(80) NOT NULL UNIQUE); args=None; alias=default
CREATE TABLE "auth_group_permissions" ("id" bigint NOT NULL PRIMARY KEY GENERATED BY DEFAULT AS IDENTITY, "group_id" integer NOT NULL, "permission_id" integer NOT NULL); (params None)
(0.003) CREATE TABLE "auth_group_permissions" ("id" bigint NOT NULL PRIMARY KEY GENERATED BY DEFAULT AS IDENTITY, "group_id" integer NOT NULL, "permission_id" integer NOT NULL); args=None; alias=default
ALTER TABLE "auth_permission" ADD CONSTRAINT "auth_permission_content_type_id_codename_01ab375a_uniq" UNIQUE ("content_type_id", "codename"); (params None)
(0.002) ALTER TABLE "auth_permission" ADD CONSTRAINT "auth_permission_content_type_id_codename_01ab375a_uniq" UNIQUE ("content_type_id", "codename"); args=None; alias=default
ALTER TABLE "auth_permission" ADD CONSTRAINT "auth_permission_content_type_id_2f476e4b_fk_django_co" FOREIGN KEY ("content_type_id") REFERENCES "django_content_type" ("id") DEFERRABLE INITIALLY DEFERRED; (params None)
(0.001) ALTER TABLE "auth_permission" ADD CONSTRAINT "auth_permission_content_type_id_2f476e4b_fk_django_co" FOREIGN KEY ("content_type_id") REFERENCES "django_content_type" ("id") DEFERRABLE INITIALLY DEFERRED; args=None; alias=default
CREATE INDEX "auth_permission_content_type_id_2f476e4b" ON "auth_permission" ("content_type_id"); (params None)
(0.002) CREATE INDEX "auth_permission_content_type_id_2f476e4b" ON "auth_permission" ("content_type_id"); args=None; alias=default
CREATE INDEX "auth_group_name_a6ea08ec_like" ON "auth_group" ("name" varchar_pattern_ops); (params None)
(0.005) CREATE INDEX "auth_group_name_a6ea08ec_like" ON "auth_group" ("name" varchar_pattern_ops); args=None; alias=default
ALTER TABLE "auth_group_permissions" ADD CONSTRAINT "auth_group_permissions_group_id_permission_id_0cd325b0_uniq" UNIQUE ("group_id", "permission_id"); (params None)
(0.002) ALTER TABLE "auth_group_permissions" ADD CONSTRAINT "auth_group_permissions_group_id_permission_id_0cd325b0_uniq" UNIQUE ("group_id", "permission_id"); args=None; alias=default
ALTER TABLE "auth_group_permissions" ADD CONSTRAINT "auth_group_permissions_group_id_b120cbf9_fk_auth_group_id" FOREIGN KEY ("group_id") REFERENCES "auth_group" ("id") DEFERRABLE INITIALLY DEFERRED; (params None)
(0.001) ALTER TABLE "auth_group_permissions" ADD CONSTRAINT "auth_group_permissions_group_id_b120cbf9_fk_auth_group_id" FOREIGN KEY ("group_id") REFERENCES "auth_group" ("id") DEFERRABLE INITIALLY DEFERRED; args=None; alias=default
ALTER TABLE "auth_group_permissions" ADD CONSTRAINT "auth_group_permissio_permission_id_84c5c92e_fk_auth_perm" FOREIGN KEY ("permission_id") REFERENCES "auth_permission" ("id") DEFERRABLE INITIALLY DEFERRED; (params None)
(0.001) ALTER TABLE "auth_group_permissions" ADD CONSTRAINT "auth_group_permissio_permission_id_84c5c92e_fk_auth_perm" FOREIGN KEY ("permission_id") REFERENCES "auth_permission" ("id") DEFERRABLE INITIALLY DEFERRED; args=None; alias=default
CREATE INDEX "auth_group_permissions_group_id_b120cbf9" ON "auth_group_permissions" ("group_id"); (params None)
(0.003) CREATE INDEX "auth_group_permissions_group_id_b120cbf9" ON "auth_group_permissions" ("group_id"); args=None; alias=default
CREATE INDEX "auth_group_permissions_permission_id_84c5c92e" ON "auth_group_permissions" ("permission_id"); (params None)
(0.003) CREATE INDEX "auth_group_permissions_permission_id_84c5c92e" ON "auth_group_permissions" ("permission_id"); args=None; alias=default
(0.002) COMMIT; args=None; alias=default
(0.002) INSERT INTO "django_migrations" ("app", "name", "applied") VALUES ('auth', '0001_initial', '2024-12-19T05:13:58.933372+00:00'::timestamptz) RETURNING "django_migrations"."id"; args=('auth', '0001_initial', datetime.datetime(2024, 12, 19, 5, 13, 58, 933372, tzinfo=datetime.timezone.utc)); alias=default
(0.000) BEGIN; args=None; alias=default
ALTER TABLE "auth_permission" ALTER COLUMN "name" TYPE varchar(255); (params None)
(0.001) ALTER TABLE "auth_permission" ALTER COLUMN "name" TYPE varchar(255); args=None; alias=default
(0.000) INSERT INTO "django_migrations" ("app", "name", "applied") VALUES ('auth', '0002_alter_permission_name_max_length', '2024-12-19T05:13:58.941118+00:00'::timestamptz) RETURNING "django_migrations"."id"; args=('auth', '0002_alter_permission_name_max_length', datetime.datetime(2024, 12, 19, 5, 13, 58, 941118, tzinfo=datetime.timezone.utc)); alias=default
(0.001) COMMIT; args=None; alias=default
(0.000) BEGIN; args=None; alias=default
(0.002) INSERT INTO "django_migrations" ("app", "name", "applied") VALUES ('auth', '0003_alter_user_email_max_length', '2024-12-19T05:13:58.948143+00:00'::timestamptz) RETURNING "django_migrations"."id"; args=('auth', '0003_alter_user_email_max_length', datetime.datetime(2024, 12, 19, 5, 13, 58, 948143, tzinfo=datetime.timezone.utc)); alias=default
(0.002) COMMIT; args=None; alias=default
(0.000) BEGIN; args=None; alias=default
(0.001) INSERT INTO "django_migrations" ("app", "name", "applied") VALUES ('auth', '0004_alter_user_username_opts', '2024-12-19T05:13:58.957907+00:00'::timestamptz) RETURNING "django_migrations"."id"; args=('auth', '0004_alter_user_username_opts', datetime.datetime(2024, 12, 19, 5, 13, 58, 957907, tzinfo=datetime.timezone.utc)); alias=default
(0.001) COMMIT; args=None; alias=default
(0.000) BEGIN; args=None; alias=default
(0.001) INSERT INTO "django_migrations" ("app", "name", "applied") VALUES ('auth', '0005_alter_user_last_login_null', '2024-12-19T05:13:58.965948+00:00'::timestamptz) RETURNING "django_migrations"."id"; args=('auth', '0005_alter_user_last_login_null', datetime.datetime(2024, 12, 19, 5, 13, 58, 965948, tzinfo=datetime.timezone.utc)); alias=default
(0.002) COMMIT; args=None; alias=default
(0.000) BEGIN; args=None; alias=default
(0.000) INSERT INTO "django_migrations" ("app", "name", "applied") VALUES ('auth', '0006_require_contenttypes_0002', '2024-12-19T05:13:58.970326+00:00'::timestamptz) RETURNING "django_migrations"."id"; args=('auth', '0006_require_contenttypes_0002', datetime.datetime(2024, 12, 19, 5, 13, 58, 970326, tzinfo=datetime.timezone.utc)); alias=default
(0.001) COMMIT; args=None; alias=default
(0.000) BEGIN; args=None; alias=default
(0.001) INSERT INTO "django_migrations" ("app", "name", "applied") VALUES ('auth', '0007_alter_validators_add_error_messages', '2024-12-19T05:13:58.975269+00:00'::timestamptz) RETURNING "django_migrations"."id"; args=('auth', '0007_alter_validators_add_error_messages', datetime.datetime(2024, 12, 19, 5, 13, 58, 975269, tzinfo=datetime.timezone.utc)); alias=default
(0.001) COMMIT; args=None; alias=default
(0.000) BEGIN; args=None; alias=default
(0.002) INSERT INTO "django_migrations" ("app", "name", "applied") VALUES ('auth', '0008_alter_user_username_max_length', '2024-12-19T05:13:58.984401+00:00'::timestamptz) RETURNING "django_migrations"."id"; args=('auth', '0008_alter_user_username_max_length', datetime.datetime(2024, 12, 19, 5, 13, 58, 984401, tzinfo=datetime.timezone.utc)); alias=default
(0.001) COMMIT; args=None; alias=default
(0.000) BEGIN; args=None; alias=default
(0.001) INSERT INTO "django_migrations" ("app", "name", "applied") VALUES ('auth', '0009_alter_user_last_name_max_length', '2024-12-19T05:13:58.993500+00:00'::timestamptz) RETURNING "django_migrations"."id"; args=('auth', '0009_alter_user_last_name_max_length', datetime.datetime(2024, 12, 19, 5, 13, 58, 993500, tzinfo=datetime.timezone.utc)); alias=default
(0.001) COMMIT; args=None; alias=default
(0.000) BEGIN; args=None; alias=default
ALTER TABLE "auth_group" ALTER COLUMN "name" TYPE varchar(150); (params None)
(0.002) ALTER TABLE "auth_group" ALTER COLUMN "name" TYPE varchar(150); args=None; alias=default
(0.001) INSERT INTO "django_migrations" ("app", "name", "applied") VALUES ('auth', '0010_alter_group_name_max_length', '2024-12-19T05:13:59.004016+00:00'::timestamptz) RETURNING "django_migrations"."id"; args=('auth', '0010_alter_group_name_max_length', datetime.datetime(2024, 12, 19, 5, 13, 59, 4016, tzinfo=datetime.timezone.utc)); alias=default
(0.002) COMMIT; args=None; alias=default
(0.000) BEGIN; args=None; alias=default
(0.001) INSERT INTO "django_migrations" ("app", "name", "applied") VALUES ('auth', '0011_update_proxy_permissions', '2024-12-19T05:13:59.010867+00:00'::timestamptz) RETURNING "django_migrations"."id"; args=('auth', '0011_update_proxy_permissions', datetime.datetime(2024, 12, 19, 5, 13, 59, 10867, tzinfo=datetime.timezone.utc)); alias=default
(0.001) COMMIT; args=None; alias=default
(0.000) BEGIN; args=None; alias=default
(0.001) INSERT INTO "django_migrations" ("app", "name", "applied") VALUES ('auth', '0012_alter_user_first_name_max_length', '2024-12-19T05:13:59.021345+00:00'::timestamptz) RETURNING "django_migrations"."id"; args=('auth', '0012_alter_user_first_name_max_length', datetime.datetime(2024, 12, 19, 5, 13, 59, 21345, tzinfo=datetime.timezone.utc)); alias=default
(0.001) COMMIT; args=None; alias=default
(0.000) BEGIN; args=None; alias=default
CREATE TABLE "backend_recurringpattern" ("id" bigint NOT NULL PRIMARY KEY GENERATED BY DEFAULT AS IDENTITY, "pattern" varchar(200) NOT NULL, "frequency" varchar(20) NOT NULL, "last_occurrence" timestamp with time zone NOT NULL, "similar_tickets" integer NOT NULL, "potential_cause" text NOT NULL, "is_active" boolean NOT NULL, "created_at" timestamp with time zone NOT NULL, "updated_at" timestamp with time zone NOT NULL); (params None)
(0.008) CREATE TABLE "backend_recurringpattern" ("id" bigint NOT NULL PRIMARY KEY GENERATED BY DEFAULT AS IDENTITY, "pattern" varchar(200) NOT NULL, "frequency" varchar(20) NOT NULL, "last_occurrence" timestamp with time zone NOT NULL, "similar_tickets" integer NOT NULL, "potential_cause" text NOT NULL, "is_active" boolean NOT NULL, "created_at" timestamp with time zone NOT NULL, "updated_at" timestamp with time zone NOT NULL); args=None; alias=default
CREATE TABLE "backend_user" ("id" bigint NOT NULL PRIMARY KEY GENERATED BY DEFAULT AS IDENTITY, "password" varchar(128) NOT NULL, "last_login" timestamp with time zone NULL, "is_superuser" boolean NOT NULL, "username" varchar(150) NOT NULL UNIQUE, "first_name" varchar(150) NOT NULL, "last_name" varchar(150) NOT NULL, "is_staff" boolean NOT NULL, "is_active" boolean NOT NULL, "date_joined" timestamp with time zone NOT NULL, "email" varchar(254) NOT NULL UNIQUE, "department" varchar(100) NOT NULL, "is_admin" boolean NOT NULL, "created_at" timestamp with time zone NOT NULL, "updated_at" timestamp with time zone NOT NULL); (params None)
(0.015) CREATE TABLE "backend_user" ("id" bigint NOT NULL PRIMARY KEY GENERATED BY DEFAULT AS IDENTITY, "password" varchar(128) NOT NULL, "last_login" timestamp with time zone NULL, "is_superuser" boolean NOT NULL, "username" varchar(150) NOT NULL UNIQUE, "first_name" varchar(150) NOT NULL, "last_name" varchar(150) NOT NULL, "is_staff" boolean NOT NULL, "is_active" boolean NOT NULL, "date_joined" timestamp with time zone NOT NULL, "email" varchar(254) NOT NULL UNIQUE, "department" varchar(100) NOT NULL, "is_admin" boolean NOT NULL, "created_at" timestamp with time zone NOT NULL, "updated_at" timestamp with time zone NOT NULL); args=None; alias=default
CREATE TABLE "backend_user_groups" ("id" bigint NOT NULL PRIMARY KEY GENERATED BY DEFAULT AS IDENTITY, "user_id" bigint NOT NULL, "group_id" integer NOT NULL); (params None)
(0.003) CREATE TABLE "backend_user_groups" ("id" bigint NOT NULL PRIMARY KEY GENERATED BY DEFAULT AS IDENTITY, "user_id" bigint NOT NULL, "group_id" integer NOT NULL); args=None; alias=default
CREATE TABLE "backend_user_user_permissions" ("id" bigint NOT NULL PRIMARY KEY GENERATED BY DEFAULT AS IDENTITY, "user_id" bigint NOT NULL, "permission_id" integer NOT NULL); (params None)
(0.003) CREATE TABLE "backend_user_user_permissions" ("id" bigint NOT NULL PRIMARY KEY GENERATED BY DEFAULT AS IDENTITY, "user_id" bigint NOT NULL, "permission_id" integer NOT NULL); args=None; alias=default
CREATE TABLE "backend_analyticsdata" ("id" bigint NOT NULL PRIMARY KEY GENERATED BY DEFAULT AS IDENTITY, "type" varchar(30) NOT NULL, "date" date NOT NULL, "data" jsonb NOT NULL, "created_at" timestamp with time zone NOT NULL); (params None)
(0.010) CREATE TABLE "backend_analyticsdata" ("id" bigint NOT NULL PRIMARY KEY GENERATED BY DEFAULT AS IDENTITY, "type" varchar(30) NOT NULL, "date" date NOT NULL, "data" jsonb NOT NULL, "created_at" timestamp with time zone NOT NULL); args=None; alias=default
CREATE TABLE "backend_notification" ("id" bigint NOT NULL PRIMARY KEY GENERATED BY DEFAULT AS IDENTITY, "type" varchar(20) NOT NULL, "title" varchar(200) NOT NULL, "message" text NOT NULL, "read" boolean NOT NULL, "created_at" timestamp with time zone NOT NULL, "reference_id" integer NULL, "reference_type" varchar(50) NULL, "user_id" bigint NOT NULL); (params None)
(0.007) CREATE TABLE "backend_notification" ("id" bigint NOT NULL PRIMARY KEY GENERATED BY DEFAULT AS IDENTITY, "type" varchar(20) NOT NULL, "title" varchar(200) NOT NULL, "message" text NOT NULL, "read" boolean NOT NULL, "created_at" timestamp with time zone NOT NULL, "reference_id" integer NULL, "reference_type" varchar(50) NULL, "user_id" bigint NOT NULL); args=None; alias=default
CREATE TABLE "backend_report" ("id" bigint NOT NULL PRIMARY KEY GENERATED BY DEFAULT AS IDENTITY, "name" varchar(200) NOT NULL, "type" varchar(20) NOT NULL, "parameters" jsonb NOT NULL, "created_at" timestamp with time zone NOT NULL, "last_generated" timestamp with time zone NULL, "schedule" jsonb NULL, "created_by_id" bigint NOT NULL); (params None)
(0.006) CREATE TABLE "backend_report" ("id" bigint NOT NULL PRIMARY KEY GENERATED BY DEFAULT AS IDENTITY, "name" varchar(200) NOT NULL, "type" varchar(20) NOT NULL, "parameters" jsonb NOT NULL, "created_at" timestamp with time zone NOT NULL, "last_generated" timestamp with time zone NULL, "schedule" jsonb NULL, "created_by_id" bigint NOT NULL); args=None; alias=default
CREATE TABLE "backend_reportresult" ("id" bigint NOT NULL PRIMARY KEY GENERATED BY DEFAULT AS IDENTITY, "data" jsonb NOT NULL, "generated_at" timestamp with time zone NOT NULL, "file" varchar(100) NULL, "generated_by_id" bigint NOT NULL, "report_id" bigint NOT NULL); (params None)
(0.005) CREATE TABLE "backend_reportresult" ("id" bigint NOT NULL PRIMARY KEY GENERATED BY DEFAULT AS IDENTITY, "data" jsonb NOT NULL, "generated_at" timestamp with time zone NOT NULL, "file" varchar(100) NULL, "generated_by_id" bigint NOT NULL, "report_id" bigint NOT NULL); args=None; alias=default
CREATE TABLE "backend_slaconfig" ("id" bigint NOT NULL PRIMARY KEY GENERATED BY DEFAULT AS IDENTITY, "priority" varchar(20) NOT NULL, "response_time_threshold" integer NOT NULL, "resolution_time_threshold" integer NOT NULL, "created_at" timestamp with time zone NOT NULL, "updated_at" timestamp with time zone NOT NULL); (params None)
(0.002) CREATE TABLE "backend_slaconfig" ("id" bigint NOT NULL PRIMARY KEY GENERATED BY DEFAULT AS IDENTITY, "priority" varchar(20) NOT NULL, "response_time_threshold" integer NOT NULL, "resolution_time_threshold" integer NOT NULL, "created_at" timestamp with time zone NOT NULL, "updated_at" timestamp with time zone NOT NULL); args=None; alias=default
CREATE TABLE "backend_ticket" ("id" bigint NOT NULL PRIMARY KEY GENERATED BY DEFAULT AS IDENTITY, "title" varchar(200) NOT NULL, "description" text NOT NULL, "priority" varchar(20) NOT NULL, "status" varchar(20) NOT NULL, "category" varchar(20) NOT NULL, "created_at" timestamp with time zone NOT NULL, "updated_at" timestamp with time zone NOT NULL, "resolved_at" timestamp with time zone NULL, "first_response_at" timestamp with time zone NULL, "assigned_to_id" bigint NULL, "submitter_id" bigint NOT NULL); (params None)
(0.006) CREATE TABLE "backend_ticket" ("id" bigint NOT NULL PRIMARY KEY GENERATED BY DEFAULT AS IDENTITY, "title" varchar(200) NOT NULL, "description" text NOT NULL, "priority" varchar(20) NOT NULL, "status" varchar(20) NOT NULL, "category" varchar(20) NOT NULL, "created_at" timestamp with time zone NOT NULL, "updated_at" timestamp with time zone NOT NULL, "resolved_at" timestamp with time zone NULL, "first_response_at" timestamp with time zone NULL, "assigned_to_id" bigint NULL, "submitter_id" bigint NOT NULL); args=None; alias=default
CREATE TABLE "backend_resolutionmetrics" ("id" bigint NOT NULL PRIMARY KEY GENERATED BY DEFAULT AS IDENTITY, "complexity_score" integer NOT NULL, "resolution_time" interval NOT NULL, "first_response_time" interval NOT NULL, "sla_breached" boolean NOT NULL, "reopened_count" integer NOT NULL, "ticket_id" bigint NOT NULL UNIQUE); (params None)
(0.007) CREATE TABLE "backend_resolutionmetrics" ("id" bigint NOT NULL PRIMARY KEY GENERATED BY DEFAULT AS IDENTITY, "complexity_score" integer NOT NULL, "resolution_time" interval NOT NULL, "first_response_time" interval NOT NULL, "sla_breached" boolean NOT NULL, "reopened_count" integer NOT NULL, "ticket_id" bigint NOT NULL UNIQUE); args=None; alias=default
CREATE TABLE "backend_ticketattachment" ("id" bigint NOT NULL PRIMARY KEY GENERATED BY DEFAULT AS IDENTITY, "file" varchar(100) NOT NULL, "filename" varchar(255) NOT NULL, "uploaded_at" timestamp with time zone NOT NULL, "ticket_id" bigint NOT NULL, "uploaded_by_id" bigint NOT NULL); (params None)
(0.003) CREATE TABLE "backend_ticketattachment" ("id" bigint NOT NULL PRIMARY KEY GENERATED BY DEFAULT AS IDENTITY, "file" varchar(100) NOT NULL, "filename" varchar(255) NOT NULL, "uploaded_at" timestamp with time zone NOT NULL, "ticket_id" bigint NOT NULL, "uploaded_by_id" bigint NOT NULL); args=None; alias=default
CREATE TABLE "backend_ticketcomment" ("id" bigint NOT NULL PRIMARY KEY GENERATED BY DEFAULT AS IDENTITY, "content" text NOT NULL, "created_at" timestamp with time zone NOT NULL, "updated_at" timestamp with time zone NOT NULL, "is_internal" boolean NOT NULL, "author_id" bigint NOT NULL, "ticket_id" bigint NOT NULL); (params None)
(0.007) CREATE TABLE "backend_ticketcomment" ("id" bigint NOT NULL PRIMARY KEY GENERATED BY DEFAULT AS IDENTITY, "content" text NOT NULL, "created_at" timestamp with time zone NOT NULL, "updated_at" timestamp with time zone NOT NULL, "is_internal" boolean NOT NULL, "author_id" bigint NOT NULL, "ticket_id" bigint NOT NULL); args=None; alias=default
CREATE TABLE "backend_tickethistory" ("id" bigint NOT NULL PRIMARY KEY GENERATED BY DEFAULT AS IDENTITY, "action" varchar(100) NOT NULL, "details" jsonb NOT NULL, "timestamp" timestamp with time zone NOT NULL, "ticket_id" bigint NOT NULL, "user_id" bigint NOT NULL); (params None)
(0.006) CREATE TABLE "backend_tickethistory" ("id" bigint NOT NULL PRIMARY KEY GENERATED BY DEFAULT AS IDENTITY, "action" varchar(100) NOT NULL, "details" jsonb NOT NULL, "timestamp" timestamp with time zone NOT NULL, "ticket_id" bigint NOT NULL, "user_id" bigint NOT NULL); args=None; alias=default
CREATE INDEX "backend_user_username_eb55703b_like" ON "backend_user" ("username" varchar_pattern_ops); (params None)
(0.005) CREATE INDEX "backend_user_username_eb55703b_like" ON "backend_user" ("username" varchar_pattern_ops); args=None; alias=default
CREATE INDEX "backend_user_email_8d26f8ca_like" ON "backend_user" ("email" varchar_pattern_ops); (params None)
(0.003) CREATE INDEX "backend_user_email_8d26f8ca_like" ON "backend_user" ("email" varchar_pattern_ops); args=None; alias=default
ALTER TABLE "backend_user_groups" ADD CONSTRAINT "backend_user_groups_user_id_group_id_decc787e_uniq" UNIQUE ("user_id", "group_id"); (params None)
(0.002) ALTER TABLE "backend_user_groups" ADD CONSTRAINT "backend_user_groups_user_id_group_id_decc787e_uniq" UNIQUE ("user_id", "group_id"); args=None; alias=default
ALTER TABLE "backend_user_groups" ADD CONSTRAINT "backend_user_groups_user_id_d2c44525_fk_backend_user_id" FOREIGN KEY ("user_id") REFERENCES "backend_user" ("id") DEFERRABLE INITIALLY DEFERRED; (params None)
(0.001) ALTER TABLE "backend_user_groups" ADD CONSTRAINT "backend_user_groups_user_id_d2c44525_fk_backend_user_id" FOREIGN KEY ("user_id") REFERENCES "backend_user" ("id") DEFERRABLE INITIALLY DEFERRED; args=None; alias=default
ALTER TABLE "backend_user_groups" ADD CONSTRAINT "backend_user_groups_group_id_df691386_fk_auth_group_id" FOREIGN KEY ("group_id") REFERENCES "auth_group" ("id") DEFERRABLE INITIALLY DEFERRED; (params None)
(0.000) ALTER TABLE "backend_user_groups" ADD CONSTRAINT "backend_user_groups_group_id_df691386_fk_auth_group_id" FOREIGN KEY ("group_id") REFERENCES "auth_group" ("id") DEFERRABLE INITIALLY DEFERRED; args=None; alias=default
CREATE INDEX "backend_user_groups_user_id_d2c44525" ON "backend_user_groups" ("user_id"); (params None)
(0.002) CREATE INDEX "backend_user_groups_user_id_d2c44525" ON "backend_user_groups" ("user_id"); args=None; alias=default
CREATE INDEX "backend_user_groups_group_id_df691386" ON "backend_user_groups" ("group_id"); (params None)
(0.002) CREATE INDEX "backend_user_groups_group_id_df691386" ON "backend_user_groups" ("group_id"); args=None; alias=default
ALTER TABLE "backend_user_user_permissions" ADD CONSTRAINT "backend_user_user_permis_user_id_permission_id_d232313e_uniq" UNIQUE ("user_id", "permission_id"); (params None)
(0.005) ALTER TABLE "backend_user_user_permissions" ADD CONSTRAINT "backend_user_user_permis_user_id_permission_id_d232313e_uniq" UNIQUE ("user_id", "permission_id"); args=None; alias=default
ALTER TABLE "backend_user_user_permissions" ADD CONSTRAINT "backend_user_user_pe_user_id_439140a5_fk_backend_u" FOREIGN KEY ("user_id") REFERENCES "backend_user" ("id") DEFERRABLE INITIALLY DEFERRED; (params None)
(0.001) ALTER TABLE "backend_user_user_permissions" ADD CONSTRAINT "backend_user_user_pe_user_id_439140a5_fk_backend_u" FOREIGN KEY ("user_id") REFERENCES "backend_user" ("id") DEFERRABLE INITIALLY DEFERRED; args=None; alias=default
ALTER TABLE "backend_user_user_permissions" ADD CONSTRAINT "backend_user_user_pe_permission_id_634ab7e4_fk_auth_perm" FOREIGN KEY ("permission_id") REFERENCES "auth_permission" ("id") DEFERRABLE INITIALLY DEFERRED; (params None)
(0.001) ALTER TABLE "backend_user_user_permissions" ADD CONSTRAINT "backend_user_user_pe_permission_id_634ab7e4_fk_auth_perm" FOREIGN KEY ("permission_id") REFERENCES "auth_permission" ("id") DEFERRABLE INITIALLY DEFERRED; args=None; alias=default
CREATE INDEX "backend_user_user_permissions_user_id_439140a5" ON "backend_user_user_permissions" ("user_id"); (params None)
(0.002) CREATE INDEX "backend_user_user_permissions_user_id_439140a5" ON "backend_user_user_permissions" ("user_id"); args=None; alias=default
CREATE INDEX "backend_user_user_permissions_permission_id_634ab7e4" ON "backend_user_user_permissions" ("permission_id"); (params None)
(0.002) CREATE INDEX "backend_user_user_permissions_permission_id_634ab7e4" ON "backend_user_user_permissions" ("permission_id"); args=None; alias=default
ALTER TABLE "backend_analyticsdata" ADD CONSTRAINT "backend_analyticsdata_type_date_6f15ccaa_uniq" UNIQUE ("type", "date"); (params None)
(0.001) ALTER TABLE "backend_analyticsdata" ADD CONSTRAINT "backend_analyticsdata_type_date_6f15ccaa_uniq" UNIQUE ("type", "date"); args=None; alias=default
ALTER TABLE "backend_notification" ADD CONSTRAINT "backend_notification_user_id_7318bd43_fk_backend_user_id" FOREIGN KEY ("user_id") REFERENCES "backend_user" ("id") DEFERRABLE INITIALLY DEFERRED; (params None)
(0.001) ALTER TABLE "backend_notification" ADD CONSTRAINT "backend_notification_user_id_7318bd43_fk_backend_user_id" FOREIGN KEY ("user_id") REFERENCES "backend_user" ("id") DEFERRABLE INITIALLY DEFERRED; args=None; alias=default
CREATE INDEX "backend_notification_user_id_7318bd43" ON "backend_notification" ("user_id"); (params None)
(0.004) CREATE INDEX "backend_notification_user_id_7318bd43" ON "backend_notification" ("user_id"); args=None; alias=default
ALTER TABLE "backend_report" ADD CONSTRAINT "backend_report_created_by_id_2440f5b2_fk_backend_user_id" FOREIGN KEY ("created_by_id") REFERENCES "backend_user" ("id") DEFERRABLE INITIALLY DEFERRED; (params None)
(0.001) ALTER TABLE "backend_report" ADD CONSTRAINT "backend_report_created_by_id_2440f5b2_fk_backend_user_id" FOREIGN KEY ("created_by_id") REFERENCES "backend_user" ("id") DEFERRABLE INITIALLY DEFERRED; args=None; alias=default
CREATE INDEX "backend_report_created_by_id_2440f5b2" ON "backend_report" ("created_by_id"); (params None)
(0.004) CREATE INDEX "backend_report_created_by_id_2440f5b2" ON "backend_report" ("created_by_id"); args=None; alias=default
ALTER TABLE "backend_reportresult" ADD CONSTRAINT "backend_reportresult_generated_by_id_2adaa51f_fk_backend_u" FOREIGN KEY ("generated_by_id") REFERENCES "backend_user" ("id") DEFERRABLE INITIALLY DEFERRED; (params None)
(0.001) ALTER TABLE "backend_reportresult" ADD CONSTRAINT "backend_reportresult_generated_by_id_2adaa51f_fk_backend_u" FOREIGN KEY ("generated_by_id") REFERENCES "backend_user" ("id") DEFERRABLE INITIALLY DEFERRED; args=None; alias=default
ALTER TABLE "backend_reportresult" ADD CONSTRAINT "backend_reportresult_report_id_87be11a4_fk_backend_report_id" FOREIGN KEY ("report_id") REFERENCES "backend_report" ("id") DEFERRABLE INITIALLY DEFERRED; (params None)
(0.001) ALTER TABLE "backend_reportresult" ADD CONSTRAINT "backend_reportresult_report_id_87be11a4_fk_backend_report_id" FOREIGN KEY ("report_id") REFERENCES "backend_report" ("id") DEFERRABLE INITIALLY DEFERRED; args=None; alias=default
CREATE INDEX "backend_reportresult_generated_by_id_2adaa51f" ON "backend_reportresult" ("generated_by_id"); (params None)
(0.006) CREATE INDEX "backend_reportresult_generated_by_id_2adaa51f" ON "backend_reportresult" ("generated_by_id"); args=None; alias=default
CREATE INDEX "backend_reportresult_report_id_87be11a4" ON "backend_reportresult" ("report_id"); (params None)
(0.003) CREATE INDEX "backend_reportresult_report_id_87be11a4" ON "backend_reportresult" ("report_id"); args=None; alias=default
ALTER TABLE "backend_slaconfig" ADD CONSTRAINT "backend_slaconfig_priority_c9b3a3a5_uniq" UNIQUE ("priority"); (params None)
(0.003) ALTER TABLE "backend_slaconfig" ADD CONSTRAINT "backend_slaconfig_priority_c9b3a3a5_uniq" UNIQUE ("priority"); args=None; alias=default
ALTER TABLE "backend_ticket" ADD CONSTRAINT "backend_ticket_assigned_to_id_5f053d0c_fk_backend_user_id" FOREIGN KEY ("assigned_to_id") REFERENCES "backend_user" ("id") DEFERRABLE INITIALLY DEFERRED; (params None)
(0.001) ALTER TABLE "backend_ticket" ADD CONSTRAINT "backend_ticket_assigned_to_id_5f053d0c_fk_backend_user_id" FOREIGN KEY ("assigned_to_id") REFERENCES "backend_user" ("id") DEFERRABLE INITIALLY DEFERRED; args=None; alias=default
ALTER TABLE "backend_ticket" ADD CONSTRAINT "backend_ticket_submitter_id_024ecdc8_fk_backend_user_id" FOREIGN KEY ("submitter_id") REFERENCES "backend_user" ("id") DEFERRABLE INITIALLY DEFERRED; (params None)
(0.001) ALTER TABLE "backend_ticket" ADD CONSTRAINT "backend_ticket_submitter_id_024ecdc8_fk_backend_user_id" FOREIGN KEY ("submitter_id") REFERENCES "backend_user" ("id") DEFERRABLE INITIALLY DEFERRED; args=None; alias=default
CREATE INDEX "backend_ticket_assigned_to_id_5f053d0c" ON "backend_ticket" ("assigned_to_id"); (params None)
(0.008) CREATE INDEX "backend_ticket_assigned_to_id_5f053d0c" ON "backend_ticket" ("assigned_to_id"); args=None; alias=default
CREATE INDEX "backend_ticket_submitter_id_024ecdc8" ON "backend_ticket" ("submitter_id"); (params None)
(0.002) CREATE INDEX "backend_ticket_submitter_id_024ecdc8" ON "backend_ticket" ("submitter_id"); args=None; alias=default
ALTER TABLE "backend_resolutionmetrics" ADD CONSTRAINT "backend_resolutionme_ticket_id_70b65df8_fk_backend_t" FOREIGN KEY ("ticket_id") REFERENCES "backend_ticket" ("id") DEFERRABLE INITIALLY DEFERRED; (params None)
(0.001) ALTER TABLE "backend_resolutionmetrics" ADD CONSTRAINT "backend_resolutionme_ticket_id_70b65df8_fk_backend_t" FOREIGN KEY ("ticket_id") REFERENCES "backend_ticket" ("id") DEFERRABLE INITIALLY DEFERRED; args=None; alias=default
ALTER TABLE "backend_ticketattachment" ADD CONSTRAINT "backend_ticketattach_ticket_id_ae252dc7_fk_backend_t" FOREIGN KEY ("ticket_id") REFERENCES "backend_ticket" ("id") DEFERRABLE INITIALLY DEFERRED; (params None)
(0.001) ALTER TABLE "backend_ticketattachment" ADD CONSTRAINT "backend_ticketattach_ticket_id_ae252dc7_fk_backend_t" FOREIGN KEY ("ticket_id") REFERENCES "backend_ticket" ("id") DEFERRABLE INITIALLY DEFERRED; args=None; alias=default
ALTER TABLE "backend_ticketattachment" ADD CONSTRAINT "backend_ticketattach_uploaded_by_id_c7c99056_fk_backend_u" FOREIGN KEY ("uploaded_by_id") REFERENCES "backend_user" ("id") DEFERRABLE INITIALLY DEFERRED; (params None)
(0.001) ALTER TABLE "backend_ticketattachment" ADD CONSTRAINT "backend_ticketattach_uploaded_by_id_c7c99056_fk_backend_u" FOREIGN KEY ("uploaded_by_id") REFERENCES "backend_user" ("id") DEFERRABLE INITIALLY DEFERRED; args=None; alias=default
CREATE INDEX "backend_ticketattachment_ticket_id_ae252dc7" ON "backend_ticketattachment" ("ticket_id"); (params None)
(0.002) CREATE INDEX "backend_ticketattachment_ticket_id_ae252dc7" ON "backend_ticketattachment" ("ticket_id"); args=None; alias=default
CREATE INDEX "backend_ticketattachment_uploaded_by_id_c7c99056" ON "backend_ticketattachment" ("uploaded_by_id"); (params None)
(0.003) CREATE INDEX "backend_ticketattachment_uploaded_by_id_c7c99056" ON "backend_ticketattachment" ("uploaded_by_id"); args=None; alias=default
ALTER TABLE "backend_ticketcomment" ADD CONSTRAINT "backend_ticketcomment_author_id_5ffd1981_fk_backend_user_id" FOREIGN KEY ("author_id") REFERENCES "backend_user" ("id") DEFERRABLE INITIALLY DEFERRED; (params None)
(0.000) ALTER TABLE "backend_ticketcomment" ADD CONSTRAINT "backend_ticketcomment_author_id_5ffd1981_fk_backend_user_id" FOREIGN KEY ("author_id") REFERENCES "backend_user" ("id") DEFERRABLE INITIALLY DEFERRED; args=None; alias=default
ALTER TABLE "backend_ticketcomment" ADD CONSTRAINT "backend_ticketcomment_ticket_id_4f83bb9a_fk_backend_ticket_id" FOREIGN KEY ("ticket_id") REFERENCES "backend_ticket" ("id") DEFERRABLE INITIALLY DEFERRED; (params None)
(0.000) ALTER TABLE "backend_ticketcomment" ADD CONSTRAINT "backend_ticketcomment_ticket_id_4f83bb9a_fk_backend_ticket_id" FOREIGN KEY ("ticket_id") REFERENCES "backend_ticket" ("id") DEFERRABLE INITIALLY DEFERRED; args=None; alias=default
CREATE INDEX "backend_ticketcomment_author_id_5ffd1981" ON "backend_ticketcomment" ("author_id"); (params None)
(0.002) CREATE INDEX "backend_ticketcomment_author_id_5ffd1981" ON "backend_ticketcomment" ("author_id"); args=None; alias=default
CREATE INDEX "backend_ticketcomment_ticket_id_4f83bb9a" ON "backend_ticketcomment" ("ticket_id"); (params None)
(0.002) CREATE INDEX "backend_ticketcomment_ticket_id_4f83bb9a" ON "backend_ticketcomment" ("ticket_id"); args=None; alias=default
ALTER TABLE "backend_tickethistory" ADD CONSTRAINT "backend_tickethistory_ticket_id_a03376aa_fk_backend_ticket_id" FOREIGN KEY ("ticket_id") REFERENCES "backend_ticket" ("id") DEFERRABLE INITIALLY DEFERRED; (params None)
(0.002) ALTER TABLE "backend_tickethistory" ADD CONSTRAINT "backend_tickethistory_ticket_id_a03376aa_fk_backend_ticket_id" FOREIGN KEY ("ticket_id") REFERENCES "backend_ticket" ("id") DEFERRABLE INITIALLY DEFERRED; args=None; alias=default
ALTER TABLE "backend_tickethistory" ADD CONSTRAINT "backend_tickethistory_user_id_2b2278fa_fk_backend_user_id" FOREIGN KEY ("user_id") REFERENCES "backend_user" ("id") DEFERRABLE INITIALLY DEFERRED; (params None)
(0.000) ALTER TABLE "backend_tickethistory" ADD CONSTRAINT "backend_tickethistory_user_id_2b2278fa_fk_backend_user_id" FOREIGN KEY ("user_id") REFERENCES "backend_user" ("id") DEFERRABLE INITIALLY DEFERRED; args=None; alias=default
CREATE INDEX "backend_tickethistory_ticket_id_a03376aa" ON "backend_tickethistory" ("ticket_id"); (params None)
(0.003) CREATE INDEX "backend_tickethistory_ticket_id_a03376aa" ON "backend_tickethistory" ("ticket_id"); args=None; alias=default
CREATE INDEX "backend_tickethistory_user_id_2b2278fa" ON "backend_tickethistory" ("user_id"); (params None)
(0.002) CREATE INDEX "backend_tickethistory_user_id_2b2278fa" ON "backend_tickethistory" ("user_id"); args=None; alias=default
(0.001) COMMIT; args=None; alias=default
(0.001) INSERT INTO "django_migrations" ("app", "name", "applied") VALUES ('backend', '0001_initial', '2024-12-19T05:13:59.290618+00:00'::timestamptz) RETURNING "django_migrations"."id"; args=('backend', '0001_initial', datetime.datetime(2024, 12, 19, 5, 13, 59, 290618, tzinfo=datetime.timezone.utc)); alias=default
(0.000) BEGIN; args=None; alias=default
CREATE TABLE "django_admin_log" ("id" integer NOT NULL PRIMARY KEY GENERATED BY DEFAULT AS IDENTITY, "action_time" timestamp with time zone NOT NULL, "object_id" text NULL, "object_repr" varchar(200) NOT NULL, "action_flag" smallint NOT NULL CHECK ("action_flag" >= 0), "change_message" text NOT NULL, "content_type_id" integer NULL, "user_id" bigint NOT NULL); (params None)
(0.007) CREATE TABLE "django_admin_log" ("id" integer NOT NULL PRIMARY KEY GENERATED BY DEFAULT AS IDENTITY, "action_time" timestamp with time zone NOT NULL, "object_id" text NULL, "object_repr" varchar(200) NOT NULL, "action_flag" smallint NOT NULL CHECK ("action_flag" >= 0), "change_message" text NOT NULL, "content_type_id" integer NULL, "user_id" bigint NOT NULL); args=None; alias=default
ALTER TABLE "django_admin_log" ADD CONSTRAINT "django_admin_log_content_type_id_c4bce8eb_fk_django_co" FOREIGN KEY ("content_type_id") REFERENCES "django_content_type" ("id") DEFERRABLE INITIALLY DEFERRED; (params None)
(0.001) ALTER TABLE "django_admin_log" ADD CONSTRAINT "django_admin_log_content_type_id_c4bce8eb_fk_django_co" FOREIGN KEY ("content_type_id") REFERENCES "django_content_type" ("id") DEFERRABLE INITIALLY DEFERRED; args=None; alias=default
ALTER TABLE "django_admin_log" ADD CONSTRAINT "django_admin_log_user_id_c564eba6_fk_backend_user_id" FOREIGN KEY ("user_id") REFERENCES "backend_user" ("id") DEFERRABLE INITIALLY DEFERRED; (params None)
(0.000) ALTER TABLE "django_admin_log" ADD CONSTRAINT "django_admin_log_user_id_c564eba6_fk_backend_user_id" FOREIGN KEY ("user_id") REFERENCES "backend_user" ("id") DEFERRABLE INITIALLY DEFERRED; args=None; alias=default
CREATE INDEX "django_admin_log_content_type_id_c4bce8eb" ON "django_admin_log" ("content_type_id"); (params None)
(0.002) CREATE INDEX "django_admin_log_content_type_id_c4bce8eb" ON "django_admin_log" ("content_type_id"); args=None; alias=default
CREATE INDEX "django_admin_log_user_id_c564eba6" ON "django_admin_log" ("user_id"); (params None)
(0.004) CREATE INDEX "django_admin_log_user_id_c564eba6" ON "django_admin_log" ("user_id"); args=None; alias=default
(0.004) COMMIT; args=None; alias=default
(0.003) INSERT INTO "django_migrations" ("app", "name", "applied") VALUES ('admin', '0001_initial', '2024-12-19T05:13:59.320244+00:00'::timestamptz) RETURNING "django_migrations"."id"; args=('admin', '0001_initial', datetime.datetime(2024, 12, 19, 5, 13, 59, 320244, tzinfo=datetime.timezone.utc)); alias=default
(0.000) BEGIN; args=None; alias=default
(0.001) INSERT INTO "django_migrations" ("app", "name", "applied") VALUES ('admin', '0002_logentry_remove_auto_add', '2024-12-19T05:13:59.342715+00:00'::timestamptz) RETURNING "django_migrations"."id"; args=('admin', '0002_logentry_remove_auto_add', datetime.datetime(2024, 12, 19, 5, 13, 59, 342715, tzinfo=datetime.timezone.utc)); alias=default
(0.001) COMMIT; args=None; alias=default
(0.000) BEGIN; args=None; alias=default
(0.001) INSERT INTO "django_migrations" ("app", "name", "applied") VALUES ('admin', '0003_logentry_add_action_flag_choices', '2024-12-19T05:13:59.358581+00:00'::timestamptz) RETURNING "django_migrations"."id"; args=('admin', '0003_logentry_add_action_flag_choices', datetime.datetime(2024, 12, 19, 5, 13, 59, 358581, tzinfo=datetime.timezone.utc)); alias=default
(0.001) COMMIT; args=None; alias=default
(0.000) BEGIN; args=None; alias=default
CREATE TABLE "django_session" ("session_key" varchar(40) NOT NULL PRIMARY KEY, "session_data" text NOT NULL, "expire_date" timestamp with time zone NOT NULL); (params None)
(0.008) CREATE TABLE "django_session" ("session_key" varchar(40) NOT NULL PRIMARY KEY, "session_data" text NOT NULL, "expire_date" timestamp with time zone NOT NULL); args=None; alias=default
CREATE INDEX "django_session_session_key_c0390e0f_like" ON "django_session" ("session_key" varchar_pattern_ops); (params None)
(0.004) CREATE INDEX "django_session_session_key_c0390e0f_like" ON "django_session" ("session_key" varchar_pattern_ops); args=None; alias=default
CREATE INDEX "django_session_expire_date_a5c62663" ON "django_session" ("expire_date"); (params None)
(0.002) CREATE INDEX "django_session_expire_date_a5c62663" ON "django_session" ("expire_date"); args=None; alias=default
(0.001) COMMIT; args=None; alias=default
(0.002) INSERT INTO "django_migrations" ("app", "name", "applied") VALUES ('sessions', '0001_initial', '2024-12-19T05:13:59.378747+00:00'::timestamptz) RETURNING "django_migrations"."id"; args=('sessions', '0001_initial', datetime.datetime(2024, 12, 19, 5, 13, 59, 378747, tzinfo=datetime.timezone.utc)); alias=default
(0.001) SELECT "django_migrations"."id", "django_migrations"."app", "django_migrations"."name", "django_migrations"."applied" FROM "django_migrations"; args=(); alias=default
(0.001) SELECT "django_content_type"."id", "django_content_type"."app_label", "django_content_type"."model" FROM "django_content_type" WHERE "django_content_type"."app_label" = 'admin'; args=('admin',); alias=default
(0.000) BEGIN; args=None; alias=default
(0.001) INSERT INTO "django_content_type" ("app_label", "model") VALUES ('admin', 'logentry') RETURNING "django_content_type"."id"; args=('admin', 'logentry'); alias=default
(0.001) COMMIT; args=None; alias=default
(0.000) SELECT "django_content_type"."id", "django_content_type"."app_label", "django_content_type"."model" FROM "django_content_type" WHERE ("django_content_type"."app_label" = 'admin' AND "django_content_type"."model" IN ('logentry')); args=('admin', 'logentry'); alias=default
(0.001) SELECT "auth_permission"."content_type_id", "auth_permission"."codename" FROM "auth_permission" INNER JOIN "django_content_type" ON ("auth_permission"."content_type_id" = "django_content_type"."id") WHERE "auth_permission"."content_type_id" IN (1) ORDER BY "django_content_type"."app_label" ASC, "django_content_type"."model" ASC, "auth_permission"."codename" ASC; args=(1,); alias=default
(0.000) BEGIN; args=None; alias=default
(0.001) INSERT INTO "auth_permission" ("name", "content_type_id", "codename") VALUES ('Can add log entry', 1, 'add_logentry'), ('Can change log entry', 1, 'change_logentry'), ('Can delete log entry', 1, 'delete_logentry'), ('Can view log entry', 1, 'view_logentry') RETURNING "auth_permission"."id"; args=('Can add log entry', 1, 'add_logentry', 'Can change log entry', 1, 'change_logentry', 'Can delete log entry', 1, 'delete_logentry', 'Can view log entry', 1, 'view_logentry'); alias=default
(0.003) COMMIT; args=None; alias=default
(0.001) SELECT "django_content_type"."id", "django_content_type"."app_label", "django_content_type"."model" FROM "django_content_type" WHERE "django_content_type"."app_label" = 'admin'; args=('admin',); alias=default
(0.001) SELECT "django_content_type"."id", "django_content_type"."app_label", "django_content_type"."model" FROM "django_content_type" WHERE "django_content_type"."app_label" = 'auth'; args=('auth',); alias=default
(0.000) BEGIN; args=None; alias=default
(0.001) INSERT INTO "django_content_type" ("app_label", "model") VALUES ('auth', 'permission'), ('auth', 'group') RETURNING "django_content_type"."id"; args=('auth', 'permission', 'auth', 'group'); alias=default
(0.001) COMMIT; args=None; alias=default
(0.001) SELECT "django_content_type"."id", "django_content_type"."app_label", "django_content_type"."model" FROM "django_content_type" WHERE ("django_content_type"."app_label" = 'auth' AND "django_content_type"."model" IN ('group', 'permission')); args=('auth', 'group', 'permission'); alias=default
(0.001) SELECT "auth_permission"."content_type_id", "auth_permission"."codename" FROM "auth_permission" INNER JOIN "django_content_type" ON ("auth_permission"."content_type_id" = "django_content_type"."id") WHERE "auth_permission"."content_type_id" IN (2, 3) ORDER BY "django_content_type"."app_label" ASC, "django_content_type"."model" ASC, "auth_permission"."codename" ASC; args=(2, 3); alias=default
(0.000) BEGIN; args=None; alias=default
(0.001) INSERT INTO "auth_permission" ("name", "content_type_id", "codename") VALUES ('Can add permission', 2, 'add_permission'), ('Can change permission', 2, 'change_permission'), ('Can delete permission', 2, 'delete_permission'), ('Can view permission', 2, 'view_permission'), ('Can add group', 3, 'add_group'), ('Can change group', 3, 'change_group'), ('Can delete group', 3, 'delete_group'), ('Can view group', 3, 'view_group') RETURNING "auth_permission"."id"; args=('Can add permission', 2, 'add_permission', 'Can change permission', 2, 'change_permission', 'Can delete permission', 2, 'delete_permission', 'Can view permission', 2, 'view_permission', 'Can add group', 3, 'add_group', 'Can change group', 3, 'change_group', 'Can delete group', 3, 'delete_group', 'Can view group', 3, 'view_group'); alias=default
(0.002) COMMIT; args=None; alias=default
(0.001) SELECT "django_content_type"."id", "django_content_type"."app_label", "django_content_type"."model" FROM "django_content_type" WHERE "django_content_type"."app_label" = 'auth'; args=('auth',); alias=default
(0.001) SELECT "django_content_type"."id", "django_content_type"."app_label", "django_content_type"."model" FROM "django_content_type" WHERE "django_content_type"."app_label" = 'contenttypes'; args=('contenttypes',); alias=default
(0.000) BEGIN; args=None; alias=default
(0.000) INSERT INTO "django_content_type" ("app_label", "model") VALUES ('contenttypes', 'contenttype') RETURNING "django_content_type"."id"; args=('contenttypes', 'contenttype'); alias=default
(0.001) COMMIT; args=None; alias=default
(0.000) SELECT "django_content_type"."id", "django_content_type"."app_label", "django_content_type"."model" FROM "django_content_type" WHERE ("django_content_type"."app_label" = 'contenttypes' AND "django_content_type"."model" IN ('contenttype')); args=('contenttypes', 'contenttype'); alias=default
(0.000) SELECT "auth_permission"."content_type_id", "auth_permission"."codename" FROM "auth_permission" INNER JOIN "django_content_type" ON ("auth_permission"."content_type_id" = "django_content_type"."id") WHERE "auth_permission"."content_type_id" IN (4) ORDER BY "django_content_type"."app_label" ASC, "django_content_type"."model" ASC, "auth_permission"."codename" ASC; args=(4,); alias=default
(0.000) BEGIN; args=None; alias=default
(0.000) INSERT INTO "auth_permission" ("name", "content_type_id", "codename") VALUES ('Can add content type', 4, 'add_contenttype'), ('Can change content type', 4, 'change_contenttype'), ('Can delete content type', 4, 'delete_contenttype'), ('Can view content type', 4, 'view_contenttype') RETURNING "auth_permission"."id"; args=('Can add content type', 4, 'add_contenttype', 'Can change content type', 4, 'change_contenttype', 'Can delete content type', 4, 'delete_contenttype', 'Can view content type', 4, 'view_contenttype'); alias=default
(0.001) COMMIT; args=None; alias=default
(0.000) SELECT "django_content_type"."id", "django_content_type"."app_label", "django_content_type"."model" FROM "django_content_type" WHERE "django_content_type"."app_label" = 'contenttypes'; args=('contenttypes',); alias=default
(0.000) SELECT "django_content_type"."id", "django_content_type"."app_label", "django_content_type"."model" FROM "django_content_type" WHERE "django_content_type"."app_label" = 'sessions'; args=('sessions',); alias=default
(0.000) BEGIN; args=None; alias=default
(0.000) INSERT INTO "django_content_type" ("app_label", "model") VALUES ('sessions', 'session') RETURNING "django_content_type"."id"; args=('sessions', 'session'); alias=default
(0.001) COMMIT; args=None; alias=default
(0.000) SELECT "django_content_type"."id", "django_content_type"."app_label", "django_content_type"."model" FROM "django_content_type" WHERE ("django_content_type"."app_label" = 'sessions' AND "django_content_type"."model" IN ('session')); args=('sessions', 'session'); alias=default
(0.000) SELECT "auth_permission"."content_type_id", "auth_permission"."codename" FROM "auth_permission" INNER JOIN "django_content_type" ON ("auth_permission"."content_type_id" = "django_content_type"."id") WHERE "auth_permission"."content_type_id" IN (5) ORDER BY "django_content_type"."app_label" ASC, "django_content_type"."model" ASC, "auth_permission"."codename" ASC; args=(5,); alias=default
(0.000) BEGIN; args=None; alias=default
(0.000) INSERT INTO "auth_permission" ("name", "content_type_id", "codename") VALUES ('Can add session', 5, 'add_session'), ('Can change session', 5, 'change_session'), ('Can delete session', 5, 'delete_session'), ('Can view session', 5, 'view_session') RETURNING "auth_permission"."id"; args=('Can add session', 5, 'add_session', 'Can change session', 5, 'change_session', 'Can delete session', 5, 'delete_session', 'Can view session', 5, 'view_session'); alias=default
(0.003) COMMIT; args=None; alias=default
(0.001) SELECT "django_content_type"."id", "django_content_type"."app_label", "django_content_type"."model" FROM "django_content_type" WHERE "django_content_type"."app_label" = 'sessions'; args=('sessions',); alias=default
(0.001) SELECT "django_content_type"."id", "django_content_type"."app_label", "django_content_type"."model" FROM "django_content_type" WHERE "django_content_type"."app_label" = 'backend'; args=('backend',); alias=default
(0.000) BEGIN; args=None; alias=default
(0.001) INSERT INTO "django_content_type" ("app_label", "model") VALUES ('backend', 'recurringpattern'), ('backend', 'user'), ('backend', 'analyticsdata'), ('backend', 'notification'), ('backend', 'report'), ('backend', 'reportresult'), ('backend', 'slaconfig'), ('backend', 'ticket'), ('backend', 'resolutionmetrics'), ('backend', 'ticketattachment'), ('backend', 'ticketcomment'), ('backend', 'tickethistory') RETURNING "django_content_type"."id"; args=('backend', 'recurringpattern', 'backend', 'user', 'backend', 'analyticsdata', 'backend', 'notification', 'backend', 'report', 'backend', 'reportresult', 'backend', 'slaconfig', 'backend', 'ticket', 'backend', 'resolutionmetrics', 'backend', 'ticketattachment', 'backend', 'ticketcomment', 'backend', 'tickethistory'); alias=default
(0.001) COMMIT; args=None; alias=default
(0.001) SELECT "django_content_type"."id", "django_content_type"."app_label", "django_content_type"."model" FROM "django_content_type" WHERE ("django_content_type"."app_label" = 'backend' AND "django_content_type"."model" IN ('recurringpattern', 'reportresult', 'slaconfig', 'ticketcomment', 'notification', 'analyticsdata', 'user', 'tickethistory', 'ticketattachment', 'ticket', 'report', 'resolutionmetrics')); args=('backend', 'recurringpattern', 'reportresult', 'slaconfig', 'ticketcomment', 'notification', 'analyticsdata', 'user', 'tickethistory', 'ticketattachment', 'ticket', 'report', 'resolutionmetrics'); alias=default
(0.001) SELECT "auth_permission"."content_type_id", "auth_permission"."codename" FROM "auth_permission" INNER JOIN "django_content_type" ON ("auth_permission"."content_type_id" = "django_content_type"."id") WHERE "auth_permission"."content_type_id" IN (6, 7, 8, 9, 10, 11, 12, 13, 14, 15, 16, 17) ORDER BY "django_content_type"."app_label" ASC, "django_content_type"."model" ASC, "auth_permission"."codename" ASC; args=(6, 7, 8, 9, 10, 11, 12, 13, 14, 15, 16, 17); alias=default
(0.000) BEGIN; args=None; alias=default
(0.001) INSERT INTO "auth_permission" ("name", "content_type_id", "codename") VALUES ('Can add recurring pattern', 6, 'add_recurringpattern'), ('Can change recurring pattern', 6, 'change_recurringpattern'), ('Can delete recurring pattern', 6, 'delete_recurringpattern'), ('Can view recurring pattern', 6, 'view_recurringpattern'), ('Can add user', 7, 'add_user'), ('Can change user', 7, 'change_user'), ('Can delete user', 7, 'delete_user'), ('Can view user', 7, 'view_user'), ('Can add analytics data', 8, 'add_analyticsdata'), ('Can change analytics data', 8, 'change_analyticsdata'), ('Can delete analytics data', 8, 'delete_analyticsdata'), ('Can view analytics data', 8, 'view_analyticsdata'), ('Can add notification', 9, 'add_notification'), ('Can change notification', 9, 'change_notification'), ('Can delete notification', 9, 'delete_notification'), ('Can view notification', 9, 'view_notification'), ('Can add report', 10, 'add_report'), ('Can change report', 10, 'change_report'), ('Can delete report', 10, 'delete_report'), ('Can view report', 10, 'view_report'), ('Can add report result', 11, 'add_reportresult'), ('Can change report result', 11, 'change_reportresult'), ('Can delete report result', 11, 'delete_reportresult'), ('Can view report result', 11, 'view_reportresult'), ('Can add sla config', 12, 'add_slaconfig'), ('Can change sla config', 12, 'change_slaconfig'), ('Can delete sla config', 12, 'delete_slaconfig'), ('Can view sla config', 12, 'view_slaconfig'), ('Can add ticket', 13, 'add_ticket'), ('Can change ticket', 13, 'change_ticket'), ('Can delete ticket', 13, 'delete_ticket'), ('Can view ticket', 13, 'view_ticket'), ('Can add resolution metrics', 14, 'add_resolutionmetrics'), ('Can change resolution metrics', 14, 'change_resolutionmetrics'), ('Can delete resolution metrics', 14, 'delete_resolutionmetrics'), ('Can view resolution metrics', 14, 'view_resolutionmetrics'), ('Can add ticket attachment', 15, 'add_ticketattachment'), ('Can change ticket attachment', 15, 'change_ticketattachment'), ('Can delete ticket attachment', 15, 'delete_ticketattachment'), ('Can view ticket attachment', 15, 'view_ticketattachment'), ('Can add ticket comment', 16, 'add_ticketcomment'), ('Can change ticket comment', 16, 'change_ticketcomment'), ('Can delete ticket comment', 16, 'delete_ticketcomment'), ('Can view ticket comment', 16, 'view_ticketcomment'), ('Can add ticket history', 17, 'add_tickethistory'), ('Can change ticket history', 17, 'change_tickethistory'), ('Can delete ticket history', 17, 'delete_tickethistory'), ('Can view ticket history', 17, 'view_tickethistory') RETURNING "auth_permission"."id"; args=('Can add recurring pattern', 6, 'add_recurringpattern', 'Can change recurring pattern', 6, 'change_recurringpattern', 'Can delete recurring pattern', 6, 'delete_recurringpattern', 'Can view recurring pattern', 6, 'view_recurringpattern', 'Can add user', 7, 'add_user', 'Can change user', 7, 'change_user', 'Can delete user', 7, 'delete_user', 'Can view user', 7, 'view_user', 'Can add analytics data', 8, 'add_analyticsdata', 'Can change analytics data', 8, 'change_analyticsdata', 'Can delete analytics data', 8, 'delete_analyticsdata', 'Can view analytics data', 8, 'view_analyticsdata', 'Can add notification', 9, 'add_notification', 'Can change notification', 9, 'change_notification', 'Can delete notification', 9, 'delete_notification', 'Can view notification', 9, 'view_notification', 'Can add report', 10, 'add_report', 'Can change report', 10, 'change_report', 'Can delete report', 10, 'delete_report', 'Can view report', 10, 'view_report', 'Can add report result', 11, 'add_reportresult', 'Can change report result', 11, 'change_reportresult', 'Can delete report result', 11, 'delete_reportresult', 'Can view report result', 11, 'view_reportresult', 'Can add sla config', 12, 'add_slaconfig', 'Can change sla config', 12, 'change_slaconfig', 'Can delete sla config', 12, 'delete_slaconfig', 'Can view sla config', 12, 'view_slaconfig', 'Can add ticket', 13, 'add_ticket', 'Can change ticket', 13, 'change_ticket', 'Can delete ticket', 13, 'delete_ticket', 'Can view ticket', 13, 'view_ticket', 'Can add resolution metrics', 14, 'add_resolutionmetrics', 'Can change resolution metrics', 14, 'change_resolutionmetrics', 'Can delete resolution metrics', 14, 'delete_resolutionmetrics', 'Can view resolution metrics', 14, 'view_resolutionmetrics', 'Can add ticket attachment', 15, 'add_ticketattachment', 'Can change ticket attachment', 15, 'change_ticketattachment', 'Can delete ticket attachment', 15, 'delete_ticketattachment', 'Can view ticket attachment', 15, 'view_ticketattachment', 'Can add ticket comment', 16, 'add_ticketcomment', 'Can change ticket comment', 16, 'change_ticketcomment', 'Can delete ticket comment', 16, 'delete_ticketcomment', 'Can view ticket comment', 16, 'view_ticketcomment', 'Can add ticket history', 17, 'add_tickethistory', 'Can change ticket history', 17, 'change_tickethistory', 'Can delete ticket history', 17, 'delete_tickethistory', 'Can view ticket history', 17, 'view_tickethistory'); alias=default
(0.001) COMMIT; args=None; alias=default
(0.001) SELECT "django_content_type"."id", "django_content_type"."app_label", "django_content_type"."model" FROM "django_content_type" WHERE "django_content_type"."app_label" = 'backend'; args=('backend',); alias=default
